12/03/2024  03:05:16 PM: INFO: ****test_001_AccountRegistration started****
12/03/2024  03:05:18 PM: INFO: ****Launching Application****
12/03/2024  03:05:18 PM: INFO: ****Click on MyAccount ==> Register****
12/03/2024  03:05:20 PM: INFO: ****Account Registration is Passed****
12/03/2024  03:17:14 PM: INFO: ****test_001_AccountRegistration started****
12/03/2024  03:17:16 PM: INFO: ****Launching Application****
12/03/2024  03:17:16 PM: INFO: ****Click on MyAccount ==> Register****
12/03/2024  03:17:18 PM: INFO: ****Account Registration is Passed****
12/03/2024  03:19:23 PM: INFO: ****test_001_AccountRegistration started****
12/03/2024  03:19:24 PM: INFO: ****Launching Application****
12/03/2024  03:19:24 PM: INFO: ****Click on MyAccount ==> Register****
12/03/2024  03:19:26 PM: INFO: ****Account Registration is Passed****
12/03/2024  03:32:38 PM: INFO: ****test_001_AccountRegistration started****
12/03/2024  03:32:40 PM: INFO: ****Launching Application****
12/03/2024  03:32:40 PM: INFO: ****Click on MyAccount ==> Register****
12/03/2024  03:32:42 PM: INFO: ****Account Registration is Passed****
12/04/2024  07:26:21 PM: INFO: ****Starting of Data Driven Test Case****
12/04/2024  07:27:16 PM: INFO: ******* End of test_003_login_Datadriven **********
12/04/2024  07:41:28 PM: INFO: ******* Starting test_002_login **********
12/04/2024  07:41:28 PM: INFO: ******* Starting test_002_login **********
12/04/2024  07:41:28 PM: INFO: ******* Starting test_002_login **********
12/04/2024  07:41:32 PM: INFO: ******* End of test_002_login **********
12/04/2024  07:41:32 PM: INFO: ******* End of test_002_login **********
12/04/2024  07:41:32 PM: INFO: ******* End of test_002_login **********
12/04/2024  07:41:37 PM: INFO: ****Starting of Data Driven Test Case****
12/04/2024  07:41:37 PM: INFO: ****Starting of Data Driven Test Case****
12/04/2024  07:41:37 PM: INFO: ****Starting of Data Driven Test Case****
12/04/2024  07:42:27 PM: INFO: ******* End of test_003_login_Datadriven **********
12/04/2024  07:42:27 PM: INFO: ******* End of test_003_login_Datadriven **********
12/04/2024  07:42:27 PM: INFO: ******* End of test_003_login_Datadriven **********
12/04/2024  07:42:46 PM: INFO: ******* Starting test_002_login **********
12/04/2024  07:42:46 PM: INFO: ******* Starting test_002_login **********
12/04/2024  07:42:46 PM: INFO: ******* Starting test_002_login **********
12/04/2024  07:42:49 PM: INFO: ******* End of test_002_login **********
12/04/2024  07:42:49 PM: INFO: ******* End of test_002_login **********
12/04/2024  07:42:49 PM: INFO: ******* End of test_002_login **********
12/04/2024  07:42:53 PM: INFO: ****Starting of Data Driven Test Case****
12/04/2024  07:42:53 PM: INFO: ****Starting of Data Driven Test Case****
12/04/2024  07:42:53 PM: INFO: ****Starting of Data Driven Test Case****
12/04/2024  07:43:47 PM: INFO: ******* End of test_003_login_Datadriven **********
12/04/2024  07:43:47 PM: INFO: ******* End of test_003_login_Datadriven **********
12/04/2024  07:43:47 PM: INFO: ******* End of test_003_login_Datadriven **********
12/05/2024  06:19:42 PM: INFO: ****Starting of Data Driven Test Case****
12/05/2024  06:19:42 PM: INFO: ****Starting of Data Driven Test Case****
12/05/2024  06:19:42 PM: INFO: ****Starting of Data Driven Test Case****
12/05/2024  06:20:32 PM: INFO: ******* End of test_003_login_Datadriven **********
12/05/2024  06:20:32 PM: INFO: ******* End of test_003_login_Datadriven **********
12/05/2024  06:20:32 PM: INFO: ******* End of test_003_login_Datadriven **********
12/10/2024  12:00:39 PM: INFO: ******* Starting test_002_login **********
12/10/2024  12:00:39 PM: INFO: ******* Starting test_002_login **********
12/10/2024  12:00:39 PM: INFO: ******* Starting test_002_login **********
12/10/2024  12:01:01 PM: INFO: ****Starting of Data Driven Test Case****
12/10/2024  12:01:01 PM: INFO: ****Starting of Data Driven Test Case****
12/10/2024  12:01:01 PM: INFO: ****Starting of Data Driven Test Case****
12/12/2024  08:10:10 AM: INFO: ****test_001_AccountRegistration started****
12/12/2024  08:10:10 AM: INFO: ****test_001_AccountRegistration started****
12/12/2024  08:10:10 AM: INFO: ****test_001_AccountRegistration started****
12/12/2024  08:10:17 AM: INFO: ****Launching Application****
12/12/2024  08:10:17 AM: INFO: ****Launching Application****
12/12/2024  08:10:17 AM: INFO: ****Launching Application****
12/12/2024  08:10:17 AM: INFO: ****Click on MyAccount ==> Register****
12/12/2024  08:10:17 AM: INFO: ****Click on MyAccount ==> Register****
12/12/2024  08:10:17 AM: INFO: ****Click on MyAccount ==> Register****
12/12/2024  08:10:20 AM: INFO: ****Account Registration is Passed****
12/12/2024  08:10:20 AM: INFO: ****Account Registration is Passed****
12/12/2024  08:10:20 AM: INFO: ****Account Registration is Passed****
12/12/2024  08:10:21 AM: INFO: ******* Starting test_002_login **********
12/12/2024  08:10:21 AM: INFO: ******* Starting test_002_login **********
12/12/2024  08:10:21 AM: INFO: ******* Starting test_002_login **********
12/12/2024  08:26:42 AM: INFO: ****test_001_AccountRegistration started****
12/12/2024  08:26:42 AM: INFO: ****test_001_AccountRegistration started****
12/12/2024  08:26:42 AM: INFO: ****test_001_AccountRegistration started****
12/12/2024  08:26:45 AM: INFO: ****Launching Application****
12/12/2024  08:26:45 AM: INFO: ****Launching Application****
12/12/2024  08:26:45 AM: INFO: ****Launching Application****
12/12/2024  08:26:46 AM: INFO: ****Click on MyAccount ==> Register****
12/12/2024  08:26:46 AM: INFO: ****Click on MyAccount ==> Register****
12/12/2024  08:26:46 AM: INFO: ****Click on MyAccount ==> Register****
12/12/2024  08:26:50 AM: INFO: ****Account Registration is Passed****
12/12/2024  08:26:50 AM: INFO: ****Account Registration is Passed****
12/12/2024  08:26:50 AM: INFO: ****Account Registration is Passed****
12/12/2024  08:26:51 AM: INFO: ******* Starting test_002_login **********
12/12/2024  08:26:51 AM: INFO: ******* Starting test_002_login **********
12/12/2024  08:26:51 AM: INFO: ******* Starting test_002_login **********
12/12/2024  08:28:21 AM: INFO: ****test_001_AccountRegistration started****
12/12/2024  08:28:21 AM: INFO: ****test_001_AccountRegistration started****
12/12/2024  08:28:21 AM: INFO: ****test_001_AccountRegistration started****
12/12/2024  08:28:24 AM: INFO: ****Launching Application****
12/12/2024  08:28:24 AM: INFO: ****Launching Application****
12/12/2024  08:28:24 AM: INFO: ****Launching Application****
12/12/2024  08:28:24 AM: INFO: ****Click on MyAccount ==> Register****
12/12/2024  08:28:24 AM: INFO: ****Click on MyAccount ==> Register****
12/12/2024  08:28:24 AM: INFO: ****Click on MyAccount ==> Register****
12/12/2024  08:28:28 AM: INFO: ****Account Registration is Passed****
12/12/2024  08:28:28 AM: INFO: ****Account Registration is Passed****
12/12/2024  08:28:28 AM: INFO: ****Account Registration is Passed****
12/12/2024  08:28:29 AM: INFO: ******* Starting test_002_login **********
12/12/2024  08:28:29 AM: INFO: ******* Starting test_002_login **********
12/12/2024  08:28:29 AM: INFO: ******* Starting test_002_login **********
12/12/2024  09:10:30 AM: INFO: ****test_001_AccountRegistration started****
12/12/2024  09:10:30 AM: INFO: ****test_001_AccountRegistration started****
12/12/2024  09:10:30 AM: INFO: ****test_001_AccountRegistration started****
12/12/2024  09:10:34 AM: INFO: ****Launching Application****
12/12/2024  09:10:34 AM: INFO: ****Launching Application****
12/12/2024  09:10:34 AM: INFO: ****Launching Application****
12/12/2024  09:10:34 AM: INFO: ****Click on MyAccount ==> Register****
12/12/2024  09:10:34 AM: INFO: ****Click on MyAccount ==> Register****
12/12/2024  09:10:34 AM: INFO: ****Click on MyAccount ==> Register****
12/12/2024  09:10:37 AM: INFO: ****Account Registration is Passed****
12/12/2024  09:10:37 AM: INFO: ****Account Registration is Passed****
12/12/2024  09:10:37 AM: INFO: ****Account Registration is Passed****
12/12/2024  09:10:37 AM: INFO: ******* Starting test_002_login **********
12/12/2024  09:10:37 AM: INFO: ******* Starting test_002_login **********
12/12/2024  09:10:37 AM: INFO: ******* Starting test_002_login **********
